0 info it worked if it ends with ok
1 verbose cli [ '/usr/bin/node', '/usr/bin/npm', 'install', 'express-session' ]
2 info using npm@3.5.2
3 info using node@v8.10.0
4 silly loadCurrentTree Starting
5 silly install loadCurrentTree
6 silly install readLocalPackageData
7 silly fetchPackageMetaData express-session
8 silly fetchNamedPackageData express-session
9 silly mapToRegistry name express-session
10 silly mapToRegistry using default registry
11 silly mapToRegistry registry https://registry.npmjs.org/
12 silly mapToRegistry uri https://registry.npmjs.org/express-session
13 verbose request uri https://registry.npmjs.org/express-session
14 verbose request no auth needed
15 info attempt registry request try #1 at 11:42:32 PM
16 verbose request id c968332415be7909
17 http request GET https://registry.npmjs.org/express-session
18 http 200 https://registry.npmjs.org/express-session
19 verbose headers { date: 'Wed, 01 May 2019 18:12:33 GMT',
19 verbose headers   'content-type': 'application/json',
19 verbose headers   'transfer-encoding': 'chunked',
19 verbose headers   connection: 'keep-alive',
19 verbose headers   'set-cookie':
19 verbose headers    [ '__cfduid=dcbcf66d701e12c511ae0f9daa44a34551556734353; expires=Thu, 30-Apr-20 18:12:33 GMT; path=/; domain=.registry.npmjs.org; HttpOnly' ],
19 verbose headers   'cf-cache-status': 'HIT',
19 verbose headers   'cache-control': 'max-age=300',
19 verbose headers   'cf-ray': '4d03b96a6b868a9b-BOM',
19 verbose headers   etag: 'W/"e081878343063fefda86616da0c5fc4c"',
19 verbose headers   'expect-ct': 'max-age=604800, report-uri="https://report-uri.cloudflare.com/cdn-cgi/beacon/expect-ct"',
19 verbose headers   'last-modified': 'Thu, 11 Apr 2019 16:25:35 GMT',
19 verbose headers   vary: 'accept-encoding, accept',
19 verbose headers   'x-amz-meta-rev': '522-00606bea6afe106d00812b29d578dfd6',
19 verbose headers   server: 'cloudflare',
19 verbose headers   'content-encoding': 'gzip' }
20 silly get cb [ 200,
20 silly get   { date: 'Wed, 01 May 2019 18:12:33 GMT',
20 silly get     'content-type': 'application/json',
20 silly get     'transfer-encoding': 'chunked',
20 silly get     connection: 'keep-alive',
20 silly get     'set-cookie':
20 silly get      [ '__cfduid=dcbcf66d701e12c511ae0f9daa44a34551556734353; expires=Thu, 30-Apr-20 18:12:33 GMT; path=/; domain=.registry.npmjs.org; HttpOnly' ],
20 silly get     'cf-cache-status': 'HIT',
20 silly get     'cache-control': 'max-age=300',
20 silly get     'cf-ray': '4d03b96a6b868a9b-BOM',
20 silly get     etag: 'W/"e081878343063fefda86616da0c5fc4c"',
20 silly get     'expect-ct': 'max-age=604800, report-uri="https://report-uri.cloudflare.com/cdn-cgi/beacon/expect-ct"',
20 silly get     'last-modified': 'Thu, 11 Apr 2019 16:25:35 GMT',
20 silly get     vary: 'accept-encoding, accept',
20 silly get     'x-amz-meta-rev': '522-00606bea6afe106d00812b29d578dfd6',
20 silly get     server: 'cloudflare',
20 silly get     'content-encoding': 'gzip' } ]
21 verbose get saving express-session to /home/shubham/.npm/registry.npmjs.org/express-session/.cache.json
22 silly install normalizeTree
23 silly loadCurrentTree Finishing
24 silly loadIdealTree Starting
25 silly install loadIdealTree
26 silly cloneCurrentTree Starting
27 silly install cloneCurrentTreeToIdealTree
28 silly cloneCurrentTree Finishing
29 silly loadShrinkwrap Starting
30 silly install loadShrinkwrap
31 silly loadShrinkwrap Finishing
32 silly loadAllDepsIntoIdealTree Starting
33 silly install loadAllDepsIntoIdealTree
34 silly resolveWithNewModule express-session@1.16.1 checking installable status
35 silly cache add args [ 'express-session', null ]
36 verbose cache add spec express-session
37 silly cache add parsed spec Result {
37 silly cache add   raw: 'express-session',
37 silly cache add   scope: null,
37 silly cache add   name: 'express-session',
37 silly cache add   rawSpec: '',
37 silly cache add   spec: 'latest',
37 silly cache add   type: 'tag' }
38 silly addNamed express-session@latest
39 verbose addNamed "latest" is being treated as a dist-tag for express-session
40 info addNameTag [ 'express-session', 'latest' ]
41 silly mapToRegistry name express-session
42 silly mapToRegistry using default registry
43 silly mapToRegistry registry https://registry.npmjs.org/
44 silly mapToRegistry uri https://registry.npmjs.org/express-session
45 verbose addNameTag registry:https://registry.npmjs.org/express-session not in flight; fetching
46 verbose get https://registry.npmjs.org/express-session not expired, no request
47 silly addNameTag next cb for express-session with tag latest
48 silly addNamed express-session@1.16.1
49 verbose addNamed "1.16.1" is a plain semver version for express-session
50 silly mapToRegistry name express-session
51 silly mapToRegistry using default registry
52 silly mapToRegistry registry https://registry.npmjs.org/
53 silly mapToRegistry uri https://registry.npmjs.org/express-session
54 verbose addRemoteTarball https://registry.npmjs.org/express-session/-/express-session-1.16.1.tgz not in flight; adding
55 verbose addRemoteTarball [ 'https://registry.npmjs.org/express-session/-/express-session-1.16.1.tgz',
55 verbose addRemoteTarball   '251ff9776c59382301de6c8c33411af357ed439c' ]
56 info retry fetch attempt 1 at 11:42:33 PM
57 info attempt registry request try #1 at 11:42:33 PM
58 http fetch GET https://registry.npmjs.org/express-session/-/express-session-1.16.1.tgz
59 http fetch 200 https://registry.npmjs.org/express-session/-/express-session-1.16.1.tgz
60 silly fetchAndShaCheck shasum 251ff9776c59382301de6c8c33411af357ed439c
61 verbose addTmpTarball /tmp/npm-4866-2dae5008/registry.npmjs.org/express-session/-/express-session-1.16.1.tgz not in flight; adding
62 verbose addTmpTarball already have metadata; skipping unpack for express-session@1.16.1
63 silly cache afterAdd express-session@1.16.1
64 verbose afterAdd /home/shubham/.npm/express-session/1.16.1/package/package.json not in flight; writing
65 verbose afterAdd /home/shubham/.npm/express-session/1.16.1/package/package.json written
66 silly fetchNamedPackageData depd
67 silly mapToRegistry name depd
68 silly mapToRegistry using default registry
69 silly mapToRegistry registry https://registry.npmjs.org/
70 silly mapToRegistry uri https://registry.npmjs.org/depd
71 silly fetchNamedPackageData on-headers
72 silly mapToRegistry name on-headers
73 silly mapToRegistry using default registry
74 silly mapToRegistry registry https://registry.npmjs.org/
75 silly mapToRegistry uri https://registry.npmjs.org/on-headers
76 silly fetchNamedPackageData uid-safe
77 silly mapToRegistry name uid-safe
78 silly mapToRegistry using default registry
79 silly mapToRegistry registry https://registry.npmjs.org/
80 silly mapToRegistry uri https://registry.npmjs.org/uid-safe
81 verbose request uri https://registry.npmjs.org/on-headers
82 verbose request no auth needed
83 info attempt registry request try #1 at 11:42:33 PM
84 http request GET https://registry.npmjs.org/on-headers
85 verbose request uri https://registry.npmjs.org/uid-safe
86 verbose request no auth needed
87 info attempt registry request try #1 at 11:42:33 PM
88 http request GET https://registry.npmjs.org/uid-safe
89 http 200 https://registry.npmjs.org/on-headers
90 verbose headers { date: 'Wed, 01 May 2019 18:12:33 GMT',
90 verbose headers   'content-type': 'application/json',
90 verbose headers   'transfer-encoding': 'chunked',
90 verbose headers   connection: 'keep-alive',
90 verbose headers   'set-cookie':
90 verbose headers    [ '__cfduid=dcbcf66d701e12c511ae0f9daa44a34551556734353; expires=Thu, 30-Apr-20 18:12:33 GMT; path=/; domain=.registry.npmjs.org; HttpOnly' ],
90 verbose headers   'cf-cache-status': 'HIT',
90 verbose headers   'cache-control': 'max-age=300',
90 verbose headers   'cf-ray': '4d03b96def388a9b-BOM',
90 verbose headers   etag: 'W/"f4b0ced7f21b1a4e6ba999293fd842a1"',
90 verbose headers   'expect-ct': 'max-age=604800, report-uri="https://report-uri.cloudflare.com/cdn-cgi/beacon/expect-ct"',
90 verbose headers   'last-modified': 'Fri, 22 Feb 2019 03:48:58 GMT',
90 verbose headers   vary: 'accept-encoding, accept',
90 verbose headers   'x-amz-meta-rev': '18-45116999a57a328e26a2b2eca2566d28',
90 verbose headers   server: 'cloudflare',
90 verbose headers   'content-encoding': 'gzip' }
91 silly get cb [ 200,
91 silly get   { date: 'Wed, 01 May 2019 18:12:33 GMT',
91 silly get     'content-type': 'application/json',
91 silly get     'transfer-encoding': 'chunked',
91 silly get     connection: 'keep-alive',
91 silly get     'set-cookie':
91 silly get      [ '__cfduid=dcbcf66d701e12c511ae0f9daa44a34551556734353; expires=Thu, 30-Apr-20 18:12:33 GMT; path=/; domain=.registry.npmjs.org; HttpOnly' ],
91 silly get     'cf-cache-status': 'HIT',
91 silly get     'cache-control': 'max-age=300',
91 silly get     'cf-ray': '4d03b96def388a9b-BOM',
91 silly get     etag: 'W/"f4b0ced7f21b1a4e6ba999293fd842a1"',
91 silly get     'expect-ct': 'max-age=604800, report-uri="https://report-uri.cloudflare.com/cdn-cgi/beacon/expect-ct"',
91 silly get     'last-modified': 'Fri, 22 Feb 2019 03:48:58 GMT',
91 silly get     vary: 'accept-encoding, accept',
91 silly get     'x-amz-meta-rev': '18-45116999a57a328e26a2b2eca2566d28',
91 silly get     server: 'cloudflare',
91 silly get     'content-encoding': 'gzip' } ]
92 verbose get saving on-headers to /home/shubham/.npm/registry.npmjs.org/on-headers/.cache.json
93 silly resolveWithNewModule on-headers@1.0.2 checking installable status
94 silly cache add args [ 'on-headers@~1.0.2', null ]
95 verbose cache add spec on-headers@~1.0.2
96 silly cache add parsed spec Result {
96 silly cache add   raw: 'on-headers@~1.0.2',
96 silly cache add   scope: null,
96 silly cache add   name: 'on-headers',
96 silly cache add   rawSpec: '~1.0.2',
96 silly cache add   spec: '>=1.0.2 <1.1.0',
96 silly cache add   type: 'range' }
97 silly addNamed on-headers@>=1.0.2 <1.1.0
98 verbose addNamed ">=1.0.2 <1.1.0" is a valid semver range for on-headers
99 silly addNameRange { name: 'on-headers', range: '>=1.0.2 <1.1.0', hasData: false }
100 silly mapToRegistry name on-headers
101 silly mapToRegistry using default registry
102 silly mapToRegistry registry https://registry.npmjs.org/
103 silly mapToRegistry uri https://registry.npmjs.org/on-headers
104 verbose addNameRange registry:https://registry.npmjs.org/on-headers not in flight; fetching
105 verbose get https://registry.npmjs.org/on-headers not expired, no request
106 silly addNameRange number 2 { name: 'on-headers', range: '>=1.0.2 <1.1.0', hasData: true }
107 silly addNameRange versions [ 'on-headers', [ '0.0.0', '1.0.0', '1.0.1', '1.0.2' ] ]
108 silly addNamed on-headers@1.0.2
109 verbose addNamed "1.0.2" is a plain semver version for on-headers
110 silly mapToRegistry name on-headers
111 silly mapToRegistry using default registry
112 silly mapToRegistry registry https://registry.npmjs.org/
113 silly mapToRegistry uri https://registry.npmjs.org/on-headers
114 verbose addRemoteTarball https://registry.npmjs.org/on-headers/-/on-headers-1.0.2.tgz not in flight; adding
115 verbose addRemoteTarball [ 'https://registry.npmjs.org/on-headers/-/on-headers-1.0.2.tgz',
115 verbose addRemoteTarball   '772b0ae6aaa525c399e489adfad90c403eb3c28f' ]
116 info retry fetch attempt 1 at 11:42:33 PM
117 info attempt registry request try #1 at 11:42:33 PM
118 http fetch GET https://registry.npmjs.org/on-headers/-/on-headers-1.0.2.tgz
119 verbose request uri https://registry.npmjs.org/depd
120 verbose request no auth needed
121 info attempt registry request try #1 at 11:42:33 PM
122 verbose etag W/"70852dc9265da686a07afcc095f5313d"
123 verbose lastModified Wed, 02 Jan 2019 20:56:16 GMT
124 http request GET https://registry.npmjs.org/depd
125 http 200 https://registry.npmjs.org/uid-safe
126 verbose headers { date: 'Wed, 01 May 2019 18:12:33 GMT',
126 verbose headers   'content-type': 'application/json; charset=UTF-8',
126 verbose headers   'transfer-encoding': 'chunked',
126 verbose headers   connection: 'keep-alive',
126 verbose headers   'set-cookie':
126 verbose headers    [ '__cfduid=d295620cc42ded2e3c3d98ebeef46d7951556734353; expires=Thu, 30-Apr-20 18:12:33 GMT; path=/; domain=.registry.npmjs.org; HttpOnly' ],
126 verbose headers   'cf-cache-status': 'HIT',
126 verbose headers   'cache-control': 'max-age=300',
126 verbose headers   'cf-ray': '4d03b96e6ff98a71-BOM',
126 verbose headers   etag: 'W/"168bbf964525c4376ddf9e5d76a257a0"',
126 verbose headers   'expect-ct': 'max-age=604800, report-uri="https://report-uri.cloudflare.com/cdn-cgi/beacon/expect-ct"',
126 verbose headers   'last-modified': 'Fri, 03 Aug 2018 00:33:29 GMT',
126 verbose headers   vary: 'accept-encoding, accept',
126 verbose headers   server: 'cloudflare',
126 verbose headers   'content-encoding': 'gzip' }
127 silly get cb [ 200,
127 silly get   { date: 'Wed, 01 May 2019 18:12:33 GMT',
127 silly get     'content-type': 'application/json; charset=UTF-8',
127 silly get     'transfer-encoding': 'chunked',
127 silly get     connection: 'keep-alive',
127 silly get     'set-cookie':
127 silly get      [ '__cfduid=d295620cc42ded2e3c3d98ebeef46d7951556734353; expires=Thu, 30-Apr-20 18:12:33 GMT; path=/; domain=.registry.npmjs.org; HttpOnly' ],
127 silly get     'cf-cache-status': 'HIT',
127 silly get     'cache-control': 'max-age=300',
127 silly get     'cf-ray': '4d03b96e6ff98a71-BOM',
127 silly get     etag: 'W/"168bbf964525c4376ddf9e5d76a257a0"',
127 silly get     'expect-ct': 'max-age=604800, report-uri="https://report-uri.cloudflare.com/cdn-cgi/beacon/expect-ct"',
127 silly get     'last-modified': 'Fri, 03 Aug 2018 00:33:29 GMT',
127 silly get     vary: 'accept-encoding, accept',
127 silly get     server: 'cloudflare',
127 silly get     'content-encoding': 'gzip' } ]
128 verbose get saving uid-safe to /home/shubham/.npm/registry.npmjs.org/uid-safe/.cache.json
129 silly resolveWithNewModule uid-safe@2.1.5 checking installable status
130 silly cache add args [ 'uid-safe@~2.1.5', null ]
131 verbose cache add spec uid-safe@~2.1.5
132 silly cache add parsed spec Result {
132 silly cache add   raw: 'uid-safe@~2.1.5',
132 silly cache add   scope: null,
132 silly cache add   name: 'uid-safe',
132 silly cache add   rawSpec: '~2.1.5',
132 silly cache add   spec: '>=2.1.5 <2.2.0',
132 silly cache add   type: 'range' }
133 silly addNamed uid-safe@>=2.1.5 <2.2.0
134 verbose addNamed ">=2.1.5 <2.2.0" is a valid semver range for uid-safe
135 silly addNameRange { name: 'uid-safe', range: '>=2.1.5 <2.2.0', hasData: false }
136 silly mapToRegistry name uid-safe
137 silly mapToRegistry using default registry
138 silly mapToRegistry registry https://registry.npmjs.org/
139 silly mapToRegistry uri https://registry.npmjs.org/uid-safe
140 verbose addNameRange registry:https://registry.npmjs.org/uid-safe not in flight; fetching
141 verbose get https://registry.npmjs.org/uid-safe not expired, no request
142 silly addNameRange number 2 { name: 'uid-safe', range: '>=2.1.5 <2.2.0', hasData: true }
143 silly addNameRange versions [ 'uid-safe',
143 silly addNameRange   [ '1.0.0',
143 silly addNameRange     '1.0.1',
143 silly addNameRange     '1.0.2',
143 silly addNameRange     '1.0.3',
143 silly addNameRange     '1.1.0',
143 silly addNameRange     '2.0.0',
143 silly addNameRange     '2.1.0',
143 silly addNameRange     '2.1.1',
143 silly addNameRange     '2.1.2',
143 silly addNameRange     '2.1.3',
143 silly addNameRange     '2.1.4',
143 silly addNameRange     '2.1.5' ] ]
144 silly addNamed uid-safe@2.1.5
145 verbose addNamed "2.1.5" is a plain semver version for uid-safe
146 silly mapToRegistry name uid-safe
147 silly mapToRegistry using default registry
148 silly mapToRegistry registry https://registry.npmjs.org/
149 silly mapToRegistry uri https://registry.npmjs.org/uid-safe
150 verbose addRemoteTarball https://registry.npmjs.org/uid-safe/-/uid-safe-2.1.5.tgz not in flight; adding
151 verbose addRemoteTarball [ 'https://registry.npmjs.org/uid-safe/-/uid-safe-2.1.5.tgz',
151 verbose addRemoteTarball   '2b3d5c7240e8fc2e58f8aa269e5ee49c0857bd3a' ]
152 info retry fetch attempt 1 at 11:42:33 PM
153 info attempt registry request try #1 at 11:42:33 PM
154 http fetch GET https://registry.npmjs.org/uid-safe/-/uid-safe-2.1.5.tgz
155 http fetch 200 https://registry.npmjs.org/on-headers/-/on-headers-1.0.2.tgz
156 silly fetchAndShaCheck shasum 772b0ae6aaa525c399e489adfad90c403eb3c28f
157 verbose addTmpTarball /tmp/npm-4866-2dae5008/registry.npmjs.org/on-headers/-/on-headers-1.0.2.tgz not in flight; adding
158 verbose addTmpTarball already have metadata; skipping unpack for on-headers@1.0.2
159 silly cache afterAdd on-headers@1.0.2
160 verbose afterAdd /home/shubham/.npm/on-headers/1.0.2/package/package.json not in flight; writing
161 verbose afterAdd /home/shubham/.npm/on-headers/1.0.2/package/package.json written
162 http fetch 200 https://registry.npmjs.org/uid-safe/-/uid-safe-2.1.5.tgz
163 silly fetchAndShaCheck shasum 2b3d5c7240e8fc2e58f8aa269e5ee49c0857bd3a
164 verbose addTmpTarball /tmp/npm-4866-2dae5008/registry.npmjs.org/uid-safe/-/uid-safe-2.1.5.tgz not in flight; adding
165 verbose addTmpTarball already have metadata; skipping unpack for uid-safe@2.1.5
166 silly cache afterAdd uid-safe@2.1.5
167 verbose afterAdd /home/shubham/.npm/uid-safe/2.1.5/package/package.json not in flight; writing
168 verbose afterAdd /home/shubham/.npm/uid-safe/2.1.5/package/package.json written
169 http 304 https://registry.npmjs.org/depd
170 verbose headers { date: 'Wed, 01 May 2019 18:12:33 GMT',
170 verbose headers   connection: 'keep-alive',
170 verbose headers   'set-cookie':
170 verbose headers    [ '__cfduid=d028bcd50437247d710680eb545369ac71556734353; expires=Thu, 30-Apr-20 18:12:33 GMT; path=/; domain=.registry.npmjs.org; HttpOnly' ],
170 verbose headers   'cf-cache-status': 'HIT',
170 verbose headers   'cache-control': 'max-age=300',
170 verbose headers   'cf-ray': '4d03b96f0c678a65-BOM',
170 verbose headers   etag: '"70852dc9265da686a07afcc095f5313d"',
170 verbose headers   'expect-ct': 'max-age=604800, report-uri="https://report-uri.cloudflare.com/cdn-cgi/beacon/expect-ct"',
170 verbose headers   'last-modified': 'Wed, 02 Jan 2019 20:56:16 GMT',
170 verbose headers   vary: 'accept-encoding, accept',
170 verbose headers   'x-amz-meta-rev': '56-004834cf059a6d56502d4091c17f7c8a',
170 verbose headers   server: 'cloudflare' }
171 silly get cb [ 304,
171 silly get   { date: 'Wed, 01 May 2019 18:12:33 GMT',
171 silly get     connection: 'keep-alive',
171 silly get     'set-cookie':
171 silly get      [ '__cfduid=d028bcd50437247d710680eb545369ac71556734353; expires=Thu, 30-Apr-20 18:12:33 GMT; path=/; domain=.registry.npmjs.org; HttpOnly' ],
171 silly get     'cf-cache-status': 'HIT',
171 silly get     'cache-control': 'max-age=300',
171 silly get     'cf-ray': '4d03b96f0c678a65-BOM',
171 silly get     etag: '"70852dc9265da686a07afcc095f5313d"',
171 silly get     'expect-ct': 'max-age=604800, report-uri="https://report-uri.cloudflare.com/cdn-cgi/beacon/expect-ct"',
171 silly get     'last-modified': 'Wed, 02 Jan 2019 20:56:16 GMT',
171 silly get     vary: 'accept-encoding, accept',
171 silly get     'x-amz-meta-rev': '56-004834cf059a6d56502d4091c17f7c8a',
171 silly get     server: 'cloudflare' } ]
172 verbose etag https://registry.npmjs.org/depd from cache
173 verbose get saving depd to /home/shubham/.npm/registry.npmjs.org/depd/.cache.json
174 silly resolveWithNewModule depd@2.0.0 checking installable status
175 silly cache add args [ 'depd@~2.0.0', null ]
176 verbose cache add spec depd@~2.0.0
177 silly cache add parsed spec Result {
177 silly cache add   raw: 'depd@~2.0.0',
177 silly cache add   scope: null,
177 silly cache add   name: 'depd',
177 silly cache add   rawSpec: '~2.0.0',
177 silly cache add   spec: '>=2.0.0 <2.1.0',
177 silly cache add   type: 'range' }
178 silly addNamed depd@>=2.0.0 <2.1.0
179 verbose addNamed ">=2.0.0 <2.1.0" is a valid semver range for depd
180 silly addNameRange { name: 'depd', range: '>=2.0.0 <2.1.0', hasData: false }
181 silly mapToRegistry name depd
182 silly mapToRegistry using default registry
183 silly mapToRegistry registry https://registry.npmjs.org/
184 silly mapToRegistry uri https://registry.npmjs.org/depd
185 verbose addNameRange registry:https://registry.npmjs.org/depd not in flight; fetching
186 verbose get https://registry.npmjs.org/depd not expired, no request
187 silly addNameRange number 2 { name: 'depd', range: '>=2.0.0 <2.1.0', hasData: true }
188 silly addNameRange versions [ 'depd',
188 silly addNameRange   [ '0.0.0',
188 silly addNameRange     '0.0.1',
188 silly addNameRange     '0.1.0',
188 silly addNameRange     '0.2.0',
188 silly addNameRange     '0.3.0',
188 silly addNameRange     '0.4.0',
188 silly addNameRange     '0.4.1',
188 silly addNameRange     '0.4.2',
188 silly addNameRange     '0.4.3',
188 silly addNameRange     '0.4.4',
188 silly addNameRange     '0.4.5',
188 silly addNameRange     '1.0.0',
188 silly addNameRange     '1.0.1',
188 silly addNameRange     '1.1.0',
188 silly addNameRange     '1.1.1',
188 silly addNameRange     '1.1.2',
188 silly addNameRange     '2.0.0' ] ]
189 silly addNamed depd@2.0.0
190 verbose addNamed "2.0.0" is a plain semver version for depd
191 silly mapToRegistry name depd
192 silly mapToRegistry using default registry
193 silly mapToRegistry registry https://registry.npmjs.org/
194 silly mapToRegistry uri https://registry.npmjs.org/depd
195 verbose addRemoteTarball https://registry.npmjs.org/depd/-/depd-2.0.0.tgz not in flight; adding
196 verbose addRemoteTarball [ 'https://registry.npmjs.org/depd/-/depd-2.0.0.tgz',
196 verbose addRemoteTarball   'b696163cc757560d09cf22cc8fad1571b79e76df' ]
197 info retry fetch attempt 1 at 11:42:33 PM
198 info attempt registry request try #1 at 11:42:33 PM
199 http fetch GET https://registry.npmjs.org/depd/-/depd-2.0.0.tgz
200 http fetch 200 https://registry.npmjs.org/depd/-/depd-2.0.0.tgz
201 silly fetchAndShaCheck shasum b696163cc757560d09cf22cc8fad1571b79e76df
202 verbose addTmpTarball /tmp/npm-4866-2dae5008/registry.npmjs.org/depd/-/depd-2.0.0.tgz not in flight; adding
203 verbose addTmpTarball already have metadata; skipping unpack for depd@2.0.0
204 silly cache afterAdd depd@2.0.0
205 verbose afterAdd /home/shubham/.npm/depd/2.0.0/package/package.json not in flight; writing
206 verbose afterAdd /home/shubham/.npm/depd/2.0.0/package/package.json written
207 silly fetchNamedPackageData random-bytes
208 silly mapToRegistry name random-bytes
209 silly mapToRegistry using default registry
210 silly mapToRegistry registry https://registry.npmjs.org/
211 silly mapToRegistry uri https://registry.npmjs.org/random-bytes
212 verbose request uri https://registry.npmjs.org/random-bytes
213 verbose request no auth needed
214 info attempt registry request try #1 at 11:42:33 PM
215 http request GET https://registry.npmjs.org/random-bytes
216 http 200 https://registry.npmjs.org/random-bytes
217 verbose headers { date: 'Wed, 01 May 2019 18:12:33 GMT',
217 verbose headers   'content-type': 'application/json; charset=UTF-8',
217 verbose headers   'transfer-encoding': 'chunked',
217 verbose headers   connection: 'keep-alive',
217 verbose headers   'set-cookie':
217 verbose headers    [ '__cfduid=d295620cc42ded2e3c3d98ebeef46d7951556734353; expires=Thu, 30-Apr-20 18:12:33 GMT; path=/; domain=.registry.npmjs.org; HttpOnly' ],
217 verbose headers   'cf-cache-status': 'HIT',
217 verbose headers   'cache-control': 'max-age=300',
217 verbose headers   'cf-ray': '4d03b97009438a71-BOM',
217 verbose headers   etag: 'W/"da33777b6de2c443a388cd175aa06404"',
217 verbose headers   'expect-ct': 'max-age=604800, report-uri="https://report-uri.cloudflare.com/cdn-cgi/beacon/expect-ct"',
217 verbose headers   'last-modified': 'Sun, 27 May 2018 13:34:03 GMT',
217 verbose headers   vary: 'accept-encoding, accept',
217 verbose headers   server: 'cloudflare',
217 verbose headers   'content-encoding': 'gzip' }
218 silly get cb [ 200,
218 silly get   { date: 'Wed, 01 May 2019 18:12:33 GMT',
218 silly get     'content-type': 'application/json; charset=UTF-8',
218 silly get     'transfer-encoding': 'chunked',
218 silly get     connection: 'keep-alive',
218 silly get     'set-cookie':
218 silly get      [ '__cfduid=d295620cc42ded2e3c3d98ebeef46d7951556734353; expires=Thu, 30-Apr-20 18:12:33 GMT; path=/; domain=.registry.npmjs.org; HttpOnly' ],
218 silly get     'cf-cache-status': 'HIT',
218 silly get     'cache-control': 'max-age=300',
218 silly get     'cf-ray': '4d03b97009438a71-BOM',
218 silly get     etag: 'W/"da33777b6de2c443a388cd175aa06404"',
218 silly get     'expect-ct': 'max-age=604800, report-uri="https://report-uri.cloudflare.com/cdn-cgi/beacon/expect-ct"',
218 silly get     'last-modified': 'Sun, 27 May 2018 13:34:03 GMT',
218 silly get     vary: 'accept-encoding, accept',
218 silly get     server: 'cloudflare',
218 silly get     'content-encoding': 'gzip' } ]
219 verbose get saving random-bytes to /home/shubham/.npm/registry.npmjs.org/random-bytes/.cache.json
220 silly resolveWithNewModule random-bytes@1.0.0 checking installable status
221 silly cache add args [ 'random-bytes@~1.0.0', null ]
222 verbose cache add spec random-bytes@~1.0.0
223 silly cache add parsed spec Result {
223 silly cache add   raw: 'random-bytes@~1.0.0',
223 silly cache add   scope: null,
223 silly cache add   name: 'random-bytes',
223 silly cache add   rawSpec: '~1.0.0',
223 silly cache add   spec: '>=1.0.0 <1.1.0',
223 silly cache add   type: 'range' }
224 silly addNamed random-bytes@>=1.0.0 <1.1.0
225 verbose addNamed ">=1.0.0 <1.1.0" is a valid semver range for random-bytes
226 silly addNameRange { name: 'random-bytes', range: '>=1.0.0 <1.1.0', hasData: false }
227 silly mapToRegistry name random-bytes
228 silly mapToRegistry using default registry
229 silly mapToRegistry registry https://registry.npmjs.org/
230 silly mapToRegistry uri https://registry.npmjs.org/random-bytes
231 verbose addNameRange registry:https://registry.npmjs.org/random-bytes not in flight; fetching
232 verbose get https://registry.npmjs.org/random-bytes not expired, no request
233 silly addNameRange number 2 { name: 'random-bytes', range: '>=1.0.0 <1.1.0', hasData: true }
234 silly addNameRange versions [ 'random-bytes', [ '1.0.0' ] ]
235 silly addNamed random-bytes@1.0.0
236 verbose addNamed "1.0.0" is a plain semver version for random-bytes
237 silly mapToRegistry name random-bytes
238 silly mapToRegistry using default registry
239 silly mapToRegistry registry https://registry.npmjs.org/
240 silly mapToRegistry uri https://registry.npmjs.org/random-bytes
241 verbose addRemoteTarball https://registry.npmjs.org/random-bytes/-/random-bytes-1.0.0.tgz not in flight; adding
242 verbose addRemoteTarball [ 'https://registry.npmjs.org/random-bytes/-/random-bytes-1.0.0.tgz',
242 verbose addRemoteTarball   '4f68a1dc0ae58bd3fb95848c30324db75d64360b' ]
243 info retry fetch attempt 1 at 11:42:33 PM
244 info attempt registry request try #1 at 11:42:33 PM
245 http fetch GET https://registry.npmjs.org/random-bytes/-/random-bytes-1.0.0.tgz
246 http fetch 200 https://registry.npmjs.org/random-bytes/-/random-bytes-1.0.0.tgz
247 silly fetchAndShaCheck shasum 4f68a1dc0ae58bd3fb95848c30324db75d64360b
248 verbose addTmpTarball /tmp/npm-4866-2dae5008/registry.npmjs.org/random-bytes/-/random-bytes-1.0.0.tgz not in flight; adding
249 verbose addTmpTarball already have metadata; skipping unpack for random-bytes@1.0.0
250 silly cache afterAdd random-bytes@1.0.0
251 verbose afterAdd /home/shubham/.npm/random-bytes/1.0.0/package/package.json not in flight; writing
252 verbose afterAdd /home/shubham/.npm/random-bytes/1.0.0/package/package.json written
253 silly fetchNamedPackageData fsevents
254 silly mapToRegistry name fsevents
255 silly mapToRegistry using default registry
256 silly mapToRegistry registry https://registry.npmjs.org/
257 silly mapToRegistry uri https://registry.npmjs.org/fsevents
258 verbose request uri https://registry.npmjs.org/fsevents
259 verbose request no auth needed
260 info attempt registry request try #1 at 11:42:34 PM
261 verbose etag W/"b9228a09b9987792dd9d96bfeb0d7603"
262 verbose lastModified Tue, 30 Apr 2019 10:14:29 GMT
263 http request GET https://registry.npmjs.org/fsevents
264 http 304 https://registry.npmjs.org/fsevents
265 verbose headers { date: 'Wed, 01 May 2019 18:12:34 GMT',
265 verbose headers   connection: 'keep-alive',
265 verbose headers   'set-cookie':
265 verbose headers    [ '__cfduid=d560e126f9cca35b2d9b3c392760411d81556734354; expires=Thu, 30-Apr-20 18:12:34 GMT; path=/; domain=.registry.npmjs.org; HttpOnly' ],
265 verbose headers   'cf-cache-status': 'HIT',
265 verbose headers   'cache-control': 'max-age=300',
265 verbose headers   'cf-ray': '4d03b972dc538a9b-BOM',
265 verbose headers   etag: '"b9228a09b9987792dd9d96bfeb0d7603"',
265 verbose headers   'expect-ct': 'max-age=604800, report-uri="https://report-uri.cloudflare.com/cdn-cgi/beacon/expect-ct"',
265 verbose headers   'last-modified': 'Tue, 30 Apr 2019 10:14:29 GMT',
265 verbose headers   vary: 'accept-encoding, accept',
265 verbose headers   'x-amz-meta-rev': '158-efc5d0be151294e19862673d719e2256',
265 verbose headers   server: 'cloudflare' }
266 silly get cb [ 304,
266 silly get   { date: 'Wed, 01 May 2019 18:12:34 GMT',
266 silly get     connection: 'keep-alive',
266 silly get     'set-cookie':
266 silly get      [ '__cfduid=d560e126f9cca35b2d9b3c392760411d81556734354; expires=Thu, 30-Apr-20 18:12:34 GMT; path=/; domain=.registry.npmjs.org; HttpOnly' ],
266 silly get     'cf-cache-status': 'HIT',
266 silly get     'cache-control': 'max-age=300',
266 silly get     'cf-ray': '4d03b972dc538a9b-BOM',
266 silly get     etag: '"b9228a09b9987792dd9d96bfeb0d7603"',
266 silly get     'expect-ct': 'max-age=604800, report-uri="https://report-uri.cloudflare.com/cdn-cgi/beacon/expect-ct"',
266 silly get     'last-modified': 'Tue, 30 Apr 2019 10:14:29 GMT',
266 silly get     vary: 'accept-encoding, accept',
266 silly get     'x-amz-meta-rev': '158-efc5d0be151294e19862673d719e2256',
266 silly get     server: 'cloudflare' } ]
267 verbose etag https://registry.npmjs.org/fsevents from cache
268 verbose get saving fsevents to /home/shubham/.npm/registry.npmjs.org/fsevents/.cache.json
269 silly resolveWithNewModule fsevents@1.2.9 checking installable status
270 silly loadAllDepsIntoIdealTree Finishing
271 silly idealTree:prePrune backend@1.0.0
271 silly idealTree:prePrune +-- abbrev@1.1.1
271 silly idealTree:prePrune +-- accepts@1.3.5
271 silly idealTree:prePrune +-- ansi-align@2.0.0
271 silly idealTree:prePrune +-- ansi-styles@3.2.1
271 silly idealTree:prePrune +-- anymatch@2.0.0
271 silly idealTree:prePrune | `-- normalize-path@2.1.1
271 silly idealTree:prePrune +-- arr-diff@4.0.0
271 silly idealTree:prePrune +-- arr-flatten@1.1.0
271 silly idealTree:prePrune +-- arr-union@3.1.0
271 silly idealTree:prePrune +-- array-flatten@1.1.1
271 silly idealTree:prePrune +-- array-unique@0.3.2
271 silly idealTree:prePrune +-- assign-symbols@1.0.0
271 silly idealTree:prePrune +-- async-each@1.0.3
271 silly idealTree:prePrune +-- async@2.6.1
271 silly idealTree:prePrune +-- atob@2.1.2
271 silly idealTree:prePrune +-- balanced-match@1.0.0
271 silly idealTree:prePrune +-- base@0.11.2
271 silly idealTree:prePrune | `-- define-property@1.0.0
271 silly idealTree:prePrune +-- bcryptjs@2.4.3
271 silly idealTree:prePrune +-- binary-extensions@1.13.1
271 silly idealTree:prePrune +-- bluebird@3.5.1
271 silly idealTree:prePrune +-- body-parser@1.19.0
271 silly idealTree:prePrune | +-- bytes@3.1.0
271 silly idealTree:prePrune | +-- http-errors@1.7.2
271 silly idealTree:prePrune | +-- qs@6.7.0
271 silly idealTree:prePrune | +-- setprototypeof@1.1.1
271 silly idealTree:prePrune | `-- statuses@1.5.0
271 silly idealTree:prePrune +-- boxen@1.3.0
271 silly idealTree:prePrune +-- brace-expansion@1.1.11
271 silly idealTree:prePrune +-- braces@2.3.2
271 silly idealTree:prePrune +-- bson@1.1.1
271 silly idealTree:prePrune +-- bytes@3.0.0
271 silly idealTree:prePrune +-- cache-base@1.0.1
271 silly idealTree:prePrune +-- camelcase@4.1.0
271 silly idealTree:prePrune +-- capture-stack-trace@1.0.1
271 silly idealTree:prePrune +-- chalk@2.4.2
271 silly idealTree:prePrune +-- chokidar@2.1.5
271 silly idealTree:prePrune +-- ci-info@1.6.0
271 silly idealTree:prePrune +-- class-utils@0.3.6
271 silly idealTree:prePrune +-- cli-boxes@1.0.0
271 silly idealTree:prePrune +-- collection-visit@1.0.0
271 silly idealTree:prePrune +-- color-convert@1.9.3
271 silly idealTree:prePrune +-- color-name@1.1.3
271 silly idealTree:prePrune +-- component-emitter@1.3.0
271 silly idealTree:prePrune +-- concat-map@0.0.1
271 silly idealTree:prePrune +-- configstore@3.1.2
271 silly idealTree:prePrune +-- connect-flash@0.1.1
271 silly idealTree:prePrune +-- content-disposition@0.5.2
271 silly idealTree:prePrune +-- content-type@1.0.4
271 silly idealTree:prePrune +-- cookie-signature@1.0.6
271 silly idealTree:prePrune +-- cookie@0.3.1
271 silly idealTree:prePrune +-- copy-descriptor@0.1.1
271 silly idealTree:prePrune +-- core-util-is@1.0.2
271 silly idealTree:prePrune +-- create-error-class@3.0.2
271 silly idealTree:prePrune +-- cross-spawn@5.1.0
271 silly idealTree:prePrune +-- crypto-random-string@1.0.0
271 silly idealTree:prePrune +-- debug@2.6.9
271 silly idealTree:prePrune +-- decode-uri-component@0.2.0
271 silly idealTree:prePrune +-- deep-extend@0.6.0
271 silly idealTree:prePrune +-- define-property@0.2.5
271 silly idealTree:prePrune | +-- is-accessor-descriptor@0.1.6
271 silly idealTree:prePrune | | `-- kind-of@3.2.2
271 silly idealTree:prePrune | +-- is-data-descriptor@0.1.4
271 silly idealTree:prePrune | | `-- kind-of@3.2.2
271 silly idealTree:prePrune | +-- is-descriptor@0.1.6
271 silly idealTree:prePrune | `-- kind-of@5.1.0
271 silly idealTree:prePrune +-- depd@1.1.2
271 silly idealTree:prePrune +-- destroy@1.0.4
271 silly idealTree:prePrune +-- dot-prop@4.2.0
271 silly idealTree:prePrune +-- duplexer3@0.1.4
271 silly idealTree:prePrune +-- ee-first@1.1.1
271 silly idealTree:prePrune +-- encodeurl@1.0.2
271 silly idealTree:prePrune +-- escape-html@1.0.3
271 silly idealTree:prePrune +-- escape-string-regexp@1.0.5
271 silly idealTree:prePrune +-- etag@1.8.1
271 silly idealTree:prePrune +-- execa@0.7.0
271 silly idealTree:prePrune +-- expand-brackets@2.1.4
271 silly idealTree:prePrune +-- express-session@1.16.1
271 silly idealTree:prePrune | `-- depd@2.0.0
271 silly idealTree:prePrune +-- express@4.16.4
271 silly idealTree:prePrune | +-- body-parser@1.18.3
271 silly idealTree:prePrune | +-- iconv-lite@0.4.23
271 silly idealTree:prePrune | `-- raw-body@2.3.3
271 silly idealTree:prePrune +-- extend-shallow@2.0.1
271 silly idealTree:prePrune +-- extglob@2.0.4
271 silly idealTree:prePrune | `-- define-property@1.0.0
271 silly idealTree:prePrune +-- fill-range@4.0.0
271 silly idealTree:prePrune +-- finalhandler@1.1.1
271 silly idealTree:prePrune +-- for-in@1.0.2
271 silly idealTree:prePrune +-- forwarded@0.1.2
271 silly idealTree:prePrune +-- fragment-cache@0.2.1
271 silly idealTree:prePrune +-- fresh@0.5.2
271 silly idealTree:prePrune +-- get-stream@3.0.0
271 silly idealTree:prePrune +-- get-value@2.0.6
271 silly idealTree:prePrune +-- glob-parent@3.1.0
271 silly idealTree:prePrune | `-- is-glob@3.1.0
271 silly idealTree:prePrune +-- global-dirs@0.1.1
271 silly idealTree:prePrune +-- got@6.7.1
271 silly idealTree:prePrune +-- graceful-fs@4.1.15
271 silly idealTree:prePrune +-- has-flag@3.0.0
271 silly idealTree:prePrune +-- has-value@1.0.0
271 silly idealTree:prePrune +-- has-values@1.0.0
271 silly idealTree:prePrune | `-- kind-of@4.0.0
271 silly idealTree:prePrune +-- http-errors@1.6.3
271 silly idealTree:prePrune | `-- statuses@1.5.0
271 silly idealTree:prePrune +-- iconv-lite@0.4.24
271 silly idealTree:prePrune +-- ignore-by-default@1.0.1
271 silly idealTree:prePrune +-- import-lazy@2.1.0
271 silly idealTree:prePrune +-- imurmurhash@0.1.4
271 silly idealTree:prePrune +-- inherits@2.0.3
271 silly idealTree:prePrune +-- ini@1.3.5
271 silly idealTree:prePrune +-- ipaddr.js@1.9.0
271 silly idealTree:prePrune +-- is-accessor-descriptor@1.0.0
271 silly idealTree:prePrune | `-- kind-of@6.0.2
271 silly idealTree:prePrune +-- is-binary-path@1.0.1
271 silly idealTree:prePrune +-- is-buffer@1.1.6
271 silly idealTree:prePrune +-- is-ci@1.2.1
271 silly idealTree:prePrune +-- is-data-descriptor@1.0.0
271 silly idealTree:prePrune | `-- kind-of@6.0.2
271 silly idealTree:prePrune +-- is-descriptor@1.0.2
271 silly idealTree:prePrune | `-- kind-of@6.0.2
271 silly idealTree:prePrune +-- is-extendable@0.1.1
271 silly idealTree:prePrune +-- is-extglob@2.1.1
271 silly idealTree:prePrune +-- is-fullwidth-code-point@2.0.0
271 silly idealTree:prePrune +-- is-glob@4.0.1
271 silly idealTree:prePrune +-- is-installed-globally@0.1.0
271 silly idealTree:prePrune +-- is-npm@1.0.0
271 silly idealTree:prePrune +-- is-number@3.0.0
271 silly idealTree:prePrune +-- is-obj@1.0.1
271 silly idealTree:prePrune +-- is-path-inside@1.0.1
271 silly idealTree:prePrune +-- is-plain-object@2.0.4
271 silly idealTree:prePrune +-- is-redirect@1.0.0
271 silly idealTree:prePrune +-- is-retry-allowed@1.1.0
271 silly idealTree:prePrune +-- is-stream@1.1.0
271 silly idealTree:prePrune +-- is-windows@1.0.2
271 silly idealTree:prePrune +-- isarray@1.0.0
271 silly idealTree:prePrune +-- isexe@2.0.0
271 silly idealTree:prePrune +-- isobject@3.0.1
271 silly idealTree:prePrune +-- kareem@2.3.0
271 silly idealTree:prePrune +-- kind-of@3.2.2
271 silly idealTree:prePrune +-- latest-version@3.1.0
271 silly idealTree:prePrune +-- lodash@4.17.11
271 silly idealTree:prePrune +-- lowercase-keys@1.0.1
271 silly idealTree:prePrune +-- lru-cache@4.1.5
271 silly idealTree:prePrune | `-- yallist@2.1.2
271 silly idealTree:prePrune +-- make-dir@1.3.0
271 silly idealTree:prePrune +-- map-cache@0.2.2
271 silly idealTree:prePrune +-- map-visit@1.0.0
271 silly idealTree:prePrune +-- media-typer@0.3.0
271 silly idealTree:prePrune +-- memory-pager@1.5.0
271 silly idealTree:prePrune +-- merge-descriptors@1.0.1
271 silly idealTree:prePrune +-- methods@1.1.2
271 silly idealTree:prePrune +-- micromatch@3.1.10
271 silly idealTree:prePrune | +-- define-property@2.0.2
271 silly idealTree:prePrune | +-- extend-shallow@3.0.2
271 silly idealTree:prePrune | +-- is-extendable@1.0.1
271 silly idealTree:prePrune | `-- kind-of@6.0.2
271 silly idealTree:prePrune +-- mime-db@1.40.0
271 silly idealTree:prePrune +-- mime-types@2.1.24
271 silly idealTree:prePrune +-- mime@1.4.1
271 silly idealTree:prePrune +-- minimatch@3.0.4
271 silly idealTree:prePrune +-- mixin-deep@1.3.1
271 silly idealTree:prePrune | `-- is-extendable@1.0.1
271 silly idealTree:prePrune +-- mongodb-core@3.2.2
271 silly idealTree:prePrune +-- mongodb@3.2.2
271 silly idealTree:prePrune +-- mongoose-legacy-pluralize@1.0.2
271 silly idealTree:prePrune +-- mongoose@5.5.4
271 silly idealTree:prePrune | `-- ms@2.1.1
271 silly idealTree:prePrune +-- mpath@0.5.2
271 silly idealTree:prePrune +-- mquery@3.2.0
271 silly idealTree:prePrune | `-- debug@3.1.0
271 silly idealTree:prePrune +-- ms@2.0.0
271 silly idealTree:prePrune +-- nanomatch@1.2.13
271 silly idealTree:prePrune | +-- define-property@2.0.2
271 silly idealTree:prePrune | +-- extend-shallow@3.0.2
271 silly idealTree:prePrune | +-- is-extendable@1.0.1
271 silly idealTree:prePrune | `-- kind-of@6.0.2
271 silly idealTree:prePrune +-- negotiator@0.6.1
271 silly idealTree:prePrune +-- nodemon@1.18.11
271 silly idealTree:prePrune | +-- debug@3.2.6
271 silly idealTree:prePrune | `-- ms@2.1.1
271 silly idealTree:prePrune +-- nopt@1.0.10
271 silly idealTree:prePrune +-- normalize-path@3.0.0
271 silly idealTree:prePrune +-- npm-run-path@2.0.2
271 silly idealTree:prePrune +-- object-copy@0.1.0
271 silly idealTree:prePrune +-- object-visit@1.0.1
271 silly idealTree:prePrune +-- object.pick@1.3.0
271 silly idealTree:prePrune +-- on-finished@2.3.0
271 silly idealTree:prePrune +-- on-headers@1.0.2
271 silly idealTree:prePrune +-- p-finally@1.0.0
271 silly idealTree:prePrune +-- package-json@4.0.1
271 silly idealTree:prePrune +-- parseurl@1.3.3
271 silly idealTree:prePrune +-- pascalcase@0.1.1
271 silly idealTree:prePrune +-- passport-local@1.0.0
271 silly idealTree:prePrune +-- passport-strategy@1.0.0
271 silly idealTree:prePrune +-- passport@0.4.0
271 silly idealTree:prePrune +-- path-dirname@1.0.2
271 silly idealTree:prePrune +-- path-is-absolute@1.0.1
271 silly idealTree:prePrune +-- path-is-inside@1.0.2
271 silly idealTree:prePrune +-- path-key@2.0.1
271 silly idealTree:prePrune +-- path-to-regexp@0.1.7
271 silly idealTree:prePrune +-- pause@0.0.1
271 silly idealTree:prePrune +-- pify@3.0.0
271 silly idealTree:prePrune +-- posix-character-classes@0.1.1
271 silly idealTree:prePrune +-- prepend-http@1.0.4
271 silly idealTree:prePrune +-- process-nextick-args@2.0.0
271 silly idealTree:prePrune +-- proxy-addr@2.0.5
271 silly idealTree:prePrune +-- pseudomap@1.0.2
271 silly idealTree:prePrune +-- pstree.remy@1.1.6
271 silly idealTree:prePrune +-- qs@6.5.2
271 silly idealTree:prePrune +-- random-bytes@1.0.0
271 silly idealTree:prePrune +-- range-parser@1.2.0
271 silly idealTree:prePrune +-- raw-body@2.4.0
271 silly idealTree:prePrune | +-- bytes@3.1.0
271 silly idealTree:prePrune | +-- http-errors@1.7.2
271 silly idealTree:prePrune | +-- setprototypeof@1.1.1
271 silly idealTree:prePrune | `-- statuses@1.5.0
271 silly idealTree:prePrune +-- rc@1.2.8
271 silly idealTree:prePrune | `-- minimist@1.2.0
271 silly idealTree:prePrune +-- readable-stream@2.3.6
271 silly idealTree:prePrune +-- readdirp@2.2.1
271 silly idealTree:prePrune +-- regex-not@1.0.2
271 silly idealTree:prePrune | +-- extend-shallow@3.0.2
271 silly idealTree:prePrune | `-- is-extendable@1.0.1
271 silly idealTree:prePrune +-- regexp-clone@0.0.1
271 silly idealTree:prePrune +-- registry-auth-token@3.4.0
271 silly idealTree:prePrune +-- registry-url@3.1.0
271 silly idealTree:prePrune +-- remove-trailing-separator@1.1.0
271 silly idealTree:prePrune +-- repeat-element@1.1.3
271 silly idealTree:prePrune +-- repeat-string@1.6.1
271 silly idealTree:prePrune +-- require_optional@1.0.1
271 silly idealTree:prePrune +-- resolve-from@2.0.0
271 silly idealTree:prePrune +-- resolve-url@0.2.1
271 silly idealTree:prePrune +-- ret@0.1.15
271 silly idealTree:prePrune +-- safe-buffer@5.1.2
271 silly idealTree:prePrune +-- safe-regex@1.1.0
271 silly idealTree:prePrune +-- safer-buffer@2.1.2
271 silly idealTree:prePrune +-- saslprep@1.0.2
271 silly idealTree:prePrune +-- semver-diff@2.1.0
271 silly idealTree:prePrune +-- semver@5.7.0
271 silly idealTree:prePrune +-- send@0.16.2
271 silly idealTree:prePrune +-- serve-static@1.13.2
271 silly idealTree:prePrune +-- set-value@2.0.0
271 silly idealTree:prePrune +-- setprototypeof@1.1.0
271 silly idealTree:prePrune +-- shebang-command@1.2.0
271 silly idealTree:prePrune +-- shebang-regex@1.0.0
271 silly idealTree:prePrune +-- sift@7.0.1
271 silly idealTree:prePrune +-- signal-exit@3.0.2
271 silly idealTree:prePrune +-- sliced@1.0.1
271 silly idealTree:prePrune +-- snapdragon-node@2.1.1
271 silly idealTree:prePrune | `-- define-property@1.0.0
271 silly idealTree:prePrune +-- snapdragon-util@3.0.1
271 silly idealTree:prePrune +-- snapdragon@0.8.2
271 silly idealTree:prePrune +-- source-map-resolve@0.5.2
271 silly idealTree:prePrune +-- source-map-url@0.4.0
271 silly idealTree:prePrune +-- source-map@0.5.7
271 silly idealTree:prePrune +-- sparse-bitfield@3.0.3
271 silly idealTree:prePrune +-- split-string@3.1.0
271 silly idealTree:prePrune | +-- extend-shallow@3.0.2
271 silly idealTree:prePrune | `-- is-extendable@1.0.1
271 silly idealTree:prePrune +-- static-extend@0.1.2
271 silly idealTree:prePrune +-- statuses@1.4.0
271 silly idealTree:prePrune +-- string_decoder@1.1.1
271 silly idealTree:prePrune +-- string-width@2.1.1
271 silly idealTree:prePrune | +-- ansi-regex@3.0.0
271 silly idealTree:prePrune | `-- strip-ansi@4.0.0
271 silly idealTree:prePrune +-- strip-eof@1.0.0
271 silly idealTree:prePrune +-- strip-json-comments@2.0.1
271 silly idealTree:prePrune +-- supports-color@5.5.0
271 silly idealTree:prePrune +-- term-size@1.2.0
271 silly idealTree:prePrune +-- timed-out@4.0.1
271 silly idealTree:prePrune +-- to-object-path@0.3.0
271 silly idealTree:prePrune +-- to-regex-range@2.1.1
271 silly idealTree:prePrune +-- to-regex@3.0.2
271 silly idealTree:prePrune | +-- define-property@2.0.2
271 silly idealTree:prePrune | +-- extend-shallow@3.0.2
271 silly idealTree:prePrune | `-- is-extendable@1.0.1
271 silly idealTree:prePrune +-- toidentifier@1.0.0
271 silly idealTree:prePrune +-- touch@3.1.0
271 silly idealTree:prePrune +-- type-is@1.6.18
271 silly idealTree:prePrune +-- uid-safe@2.1.5
271 silly idealTree:prePrune +-- undefsafe@2.0.2
271 silly idealTree:prePrune +-- union-value@1.0.0
271 silly idealTree:prePrune | `-- set-value@0.4.3
271 silly idealTree:prePrune +-- unique-string@1.0.0
271 silly idealTree:prePrune +-- unpipe@1.0.0
271 silly idealTree:prePrune +-- unset-value@1.0.0
271 silly idealTree:prePrune | +-- has-value@0.3.1
271 silly idealTree:prePrune | | `-- isobject@2.1.0
271 silly idealTree:prePrune | `-- has-values@0.1.4
271 silly idealTree:prePrune +-- unzip-response@2.0.1
271 silly idealTree:prePrune +-- upath@1.1.2
271 silly idealTree:prePrune +-- update-notifier@2.5.0
271 silly idealTree:prePrune +-- urix@0.1.0
271 silly idealTree:prePrune +-- url-parse-lax@1.0.0
271 silly idealTree:prePrune +-- use@3.1.1
271 silly idealTree:prePrune +-- util-deprecate@1.0.2
271 silly idealTree:prePrune +-- utils-merge@1.0.1
271 silly idealTree:prePrune +-- vary@1.1.2
271 silly idealTree:prePrune +-- which@1.3.1
271 silly idealTree:prePrune +-- widest-line@2.0.1
271 silly idealTree:prePrune +-- write-file-atomic@2.4.2
271 silly idealTree:prePrune `-- xdg-basedir@3.0.0
272 silly loadIdealTree Finishing
273 silly currentTree backend@1.0.0
273 silly currentTree +-- abbrev@1.1.1
273 silly currentTree +-- accepts@1.3.5
273 silly currentTree +-- ansi-align@2.0.0
273 silly currentTree +-- ansi-styles@3.2.1
273 silly currentTree +-- anymatch@2.0.0
273 silly currentTree | `-- normalize-path@2.1.1
273 silly currentTree +-- arr-diff@4.0.0
273 silly currentTree +-- arr-flatten@1.1.0
273 silly currentTree +-- arr-union@3.1.0
273 silly currentTree +-- array-flatten@1.1.1
273 silly currentTree +-- array-unique@0.3.2
273 silly currentTree +-- assign-symbols@1.0.0
273 silly currentTree +-- async-each@1.0.3
273 silly currentTree +-- async@2.6.1
273 silly currentTree +-- atob@2.1.2
273 silly currentTree +-- balanced-match@1.0.0
273 silly currentTree +-- base@0.11.2
273 silly currentTree | `-- define-property@1.0.0
273 silly currentTree +-- bcryptjs@2.4.3
273 silly currentTree +-- binary-extensions@1.13.1
273 silly currentTree +-- bluebird@3.5.1
273 silly currentTree +-- body-parser@1.19.0
273 silly currentTree | +-- bytes@3.1.0
273 silly currentTree | +-- http-errors@1.7.2
273 silly currentTree | +-- qs@6.7.0
273 silly currentTree | +-- setprototypeof@1.1.1
273 silly currentTree | `-- statuses@1.5.0
273 silly currentTree +-- boxen@1.3.0
273 silly currentTree +-- brace-expansion@1.1.11
273 silly currentTree +-- braces@2.3.2
273 silly currentTree +-- bson@1.1.1
273 silly currentTree +-- bytes@3.0.0
273 silly currentTree +-- cache-base@1.0.1
273 silly currentTree +-- camelcase@4.1.0
273 silly currentTree +-- capture-stack-trace@1.0.1
273 silly currentTree +-- chalk@2.4.2
273 silly currentTree +-- chokidar@2.1.5
273 silly currentTree +-- ci-info@1.6.0
273 silly currentTree +-- class-utils@0.3.6
273 silly currentTree +-- cli-boxes@1.0.0
273 silly currentTree +-- collection-visit@1.0.0
273 silly currentTree +-- color-convert@1.9.3
273 silly currentTree +-- color-name@1.1.3
273 silly currentTree +-- component-emitter@1.3.0
273 silly currentTree +-- concat-map@0.0.1
273 silly currentTree +-- configstore@3.1.2
273 silly currentTree +-- connect-flash@0.1.1
273 silly currentTree +-- content-disposition@0.5.2
273 silly currentTree +-- content-type@1.0.4
273 silly currentTree +-- cookie-signature@1.0.6
273 silly currentTree +-- cookie@0.3.1
273 silly currentTree +-- copy-descriptor@0.1.1
273 silly currentTree +-- core-util-is@1.0.2
273 silly currentTree +-- create-error-class@3.0.2
273 silly currentTree +-- cross-spawn@5.1.0
273 silly currentTree +-- crypto-random-string@1.0.0
273 silly currentTree +-- debug@2.6.9
273 silly currentTree +-- decode-uri-component@0.2.0
273 silly currentTree +-- deep-extend@0.6.0
273 silly currentTree +-- define-property@0.2.5
273 silly currentTree | +-- is-accessor-descriptor@0.1.6
273 silly currentTree | | `-- kind-of@3.2.2
273 silly currentTree | +-- is-data-descriptor@0.1.4
273 silly currentTree | | `-- kind-of@3.2.2
273 silly currentTree | +-- is-descriptor@0.1.6
273 silly currentTree | `-- kind-of@5.1.0
273 silly currentTree +-- depd@1.1.2
273 silly currentTree +-- destroy@1.0.4
273 silly currentTree +-- dot-prop@4.2.0
273 silly currentTree +-- duplexer3@0.1.4
273 silly currentTree +-- ee-first@1.1.1
273 silly currentTree +-- encodeurl@1.0.2
273 silly currentTree +-- escape-html@1.0.3
273 silly currentTree +-- escape-string-regexp@1.0.5
273 silly currentTree +-- etag@1.8.1
273 silly currentTree +-- execa@0.7.0
273 silly currentTree +-- expand-brackets@2.1.4
273 silly currentTree +-- express@4.16.4
273 silly currentTree | +-- body-parser@1.18.3
273 silly currentTree | +-- iconv-lite@0.4.23
273 silly currentTree | `-- raw-body@2.3.3
273 silly currentTree +-- extend-shallow@2.0.1
273 silly currentTree +-- extglob@2.0.4
273 silly currentTree | `-- define-property@1.0.0
273 silly currentTree +-- fill-range@4.0.0
273 silly currentTree +-- finalhandler@1.1.1
273 silly currentTree +-- for-in@1.0.2
273 silly currentTree +-- forwarded@0.1.2
273 silly currentTree +-- fragment-cache@0.2.1
273 silly currentTree +-- fresh@0.5.2
273 silly currentTree +-- get-stream@3.0.0
273 silly currentTree +-- get-value@2.0.6
273 silly currentTree +-- glob-parent@3.1.0
273 silly currentTree | `-- is-glob@3.1.0
273 silly currentTree +-- global-dirs@0.1.1
273 silly currentTree +-- got@6.7.1
273 silly currentTree +-- graceful-fs@4.1.15
273 silly currentTree +-- has-flag@3.0.0
273 silly currentTree +-- has-value@1.0.0
273 silly currentTree +-- has-values@1.0.0
273 silly currentTree | `-- kind-of@4.0.0
273 silly currentTree +-- http-errors@1.6.3
273 silly currentTree | `-- statuses@1.5.0
273 silly currentTree +-- iconv-lite@0.4.24
273 silly currentTree +-- ignore-by-default@1.0.1
273 silly currentTree +-- import-lazy@2.1.0
273 silly currentTree +-- imurmurhash@0.1.4
273 silly currentTree +-- inherits@2.0.3
273 silly currentTree +-- ini@1.3.5
273 silly currentTree +-- ipaddr.js@1.9.0
273 silly currentTree +-- is-accessor-descriptor@1.0.0
273 silly currentTree | `-- kind-of@6.0.2
273 silly currentTree +-- is-binary-path@1.0.1
273 silly currentTree +-- is-buffer@1.1.6
273 silly currentTree +-- is-ci@1.2.1
273 silly currentTree +-- is-data-descriptor@1.0.0
273 silly currentTree | `-- kind-of@6.0.2
273 silly currentTree +-- is-descriptor@1.0.2
273 silly currentTree | `-- kind-of@6.0.2
273 silly currentTree +-- is-extendable@0.1.1
273 silly currentTree +-- is-extglob@2.1.1
273 silly currentTree +-- is-fullwidth-code-point@2.0.0
273 silly currentTree +-- is-glob@4.0.1
273 silly currentTree +-- is-installed-globally@0.1.0
273 silly currentTree +-- is-npm@1.0.0
273 silly currentTree +-- is-number@3.0.0
273 silly currentTree +-- is-obj@1.0.1
273 silly currentTree +-- is-path-inside@1.0.1
273 silly currentTree +-- is-plain-object@2.0.4
273 silly currentTree +-- is-redirect@1.0.0
273 silly currentTree +-- is-retry-allowed@1.1.0
273 silly currentTree +-- is-stream@1.1.0
273 silly currentTree +-- is-windows@1.0.2
273 silly currentTree +-- isarray@1.0.0
273 silly currentTree +-- isexe@2.0.0
273 silly currentTree +-- isobject@3.0.1
273 silly currentTree +-- kareem@2.3.0
273 silly currentTree +-- kind-of@3.2.2
273 silly currentTree +-- latest-version@3.1.0
273 silly currentTree +-- lodash@4.17.11
273 silly currentTree +-- lowercase-keys@1.0.1
273 silly currentTree +-- lru-cache@4.1.5
273 silly currentTree | `-- yallist@2.1.2
273 silly currentTree +-- make-dir@1.3.0
273 silly currentTree +-- map-cache@0.2.2
273 silly currentTree +-- map-visit@1.0.0
273 silly currentTree +-- media-typer@0.3.0
273 silly currentTree +-- memory-pager@1.5.0
273 silly currentTree +-- merge-descriptors@1.0.1
273 silly currentTree +-- methods@1.1.2
273 silly currentTree +-- micromatch@3.1.10
273 silly currentTree | +-- define-property@2.0.2
273 silly currentTree | +-- extend-shallow@3.0.2
273 silly currentTree | +-- is-extendable@1.0.1
273 silly currentTree | `-- kind-of@6.0.2
273 silly currentTree +-- mime-db@1.40.0
273 silly currentTree +-- mime-types@2.1.24
273 silly currentTree +-- mime@1.4.1
273 silly currentTree +-- minimatch@3.0.4
273 silly currentTree +-- mixin-deep@1.3.1
273 silly currentTree | `-- is-extendable@1.0.1
273 silly currentTree +-- mongodb-core@3.2.2
273 silly currentTree +-- mongodb@3.2.2
273 silly currentTree +-- mongoose-legacy-pluralize@1.0.2
273 silly currentTree +-- mongoose@5.5.4
273 silly currentTree | `-- ms@2.1.1
273 silly currentTree +-- mpath@0.5.2
273 silly currentTree +-- mquery@3.2.0
273 silly currentTree | `-- debug@3.1.0
273 silly currentTree +-- ms@2.0.0
273 silly currentTree +-- nanomatch@1.2.13
273 silly currentTree | +-- define-property@2.0.2
273 silly currentTree | +-- extend-shallow@3.0.2
273 silly currentTree | +-- is-extendable@1.0.1
273 silly currentTree | `-- kind-of@6.0.2
273 silly currentTree +-- negotiator@0.6.1
273 silly currentTree +-- nodemon@1.18.11
273 silly currentTree | +-- debug@3.2.6
273 silly currentTree | `-- ms@2.1.1
273 silly currentTree +-- nopt@1.0.10
273 silly currentTree +-- normalize-path@3.0.0
273 silly currentTree +-- npm-run-path@2.0.2
273 silly currentTree +-- object-copy@0.1.0
273 silly currentTree +-- object-visit@1.0.1
273 silly currentTree +-- object.pick@1.3.0
273 silly currentTree +-- on-finished@2.3.0
273 silly currentTree +-- p-finally@1.0.0
273 silly currentTree +-- package-json@4.0.1
273 silly currentTree +-- parseurl@1.3.3
273 silly currentTree +-- pascalcase@0.1.1
273 silly currentTree +-- passport-local@1.0.0
273 silly currentTree +-- passport-strategy@1.0.0
273 silly currentTree +-- passport@0.4.0
273 silly currentTree +-- path-dirname@1.0.2
273 silly currentTree +-- path-is-absolute@1.0.1
273 silly currentTree +-- path-is-inside@1.0.2
273 silly currentTree +-- path-key@2.0.1
273 silly currentTree +-- path-to-regexp@0.1.7
273 silly currentTree +-- pause@0.0.1
273 silly currentTree +-- pify@3.0.0
273 silly currentTree +-- posix-character-classes@0.1.1
273 silly currentTree +-- prepend-http@1.0.4
273 silly currentTree +-- process-nextick-args@2.0.0
273 silly currentTree +-- proxy-addr@2.0.5
273 silly currentTree +-- pseudomap@1.0.2
273 silly currentTree +-- pstree.remy@1.1.6
273 silly currentTree +-- qs@6.5.2
273 silly currentTree +-- range-parser@1.2.0
273 silly currentTree +-- raw-body@2.4.0
273 silly currentTree | +-- bytes@3.1.0
273 silly currentTree | +-- http-errors@1.7.2
273 silly currentTree | +-- setprototypeof@1.1.1
273 silly currentTree | `-- statuses@1.5.0
273 silly currentTree +-- rc@1.2.8
273 silly currentTree | `-- minimist@1.2.0
273 silly currentTree +-- readable-stream@2.3.6
273 silly currentTree +-- readdirp@2.2.1
273 silly currentTree +-- regex-not@1.0.2
273 silly currentTree | +-- extend-shallow@3.0.2
273 silly currentTree | `-- is-extendable@1.0.1
273 silly currentTree +-- regexp-clone@0.0.1
273 silly currentTree +-- registry-auth-token@3.4.0
273 silly currentTree +-- registry-url@3.1.0
273 silly currentTree +-- remove-trailing-separator@1.1.0
273 silly currentTree +-- repeat-element@1.1.3
273 silly currentTree +-- repeat-string@1.6.1
273 silly currentTree +-- require_optional@1.0.1
273 silly currentTree +-- resolve-from@2.0.0
273 silly currentTree +-- resolve-url@0.2.1
273 silly currentTree +-- ret@0.1.15
273 silly currentTree +-- safe-buffer@5.1.2
273 silly currentTree +-- safe-regex@1.1.0
273 silly currentTree +-- safer-buffer@2.1.2
273 silly currentTree +-- saslprep@1.0.2
273 silly currentTree +-- semver-diff@2.1.0
273 silly currentTree +-- semver@5.7.0
273 silly currentTree +-- send@0.16.2
273 silly currentTree +-- serve-static@1.13.2
273 silly currentTree +-- set-value@2.0.0
273 silly currentTree +-- setprototypeof@1.1.0
273 silly currentTree +-- shebang-command@1.2.0
273 silly currentTree +-- shebang-regex@1.0.0
273 silly currentTree +-- sift@7.0.1
273 silly currentTree +-- signal-exit@3.0.2
273 silly currentTree +-- sliced@1.0.1
273 silly currentTree +-- snapdragon-node@2.1.1
273 silly currentTree | `-- define-property@1.0.0
273 silly currentTree +-- snapdragon-util@3.0.1
273 silly currentTree +-- snapdragon@0.8.2
273 silly currentTree +-- source-map-resolve@0.5.2
273 silly currentTree +-- source-map-url@0.4.0
273 silly currentTree +-- source-map@0.5.7
273 silly currentTree +-- sparse-bitfield@3.0.3
273 silly currentTree +-- split-string@3.1.0
273 silly currentTree | +-- extend-shallow@3.0.2
273 silly currentTree | `-- is-extendable@1.0.1
273 silly currentTree +-- static-extend@0.1.2
273 silly currentTree +-- statuses@1.4.0
273 silly currentTree +-- string_decoder@1.1.1
273 silly currentTree +-- string-width@2.1.1
273 silly currentTree | +-- ansi-regex@3.0.0
273 silly currentTree | `-- strip-ansi@4.0.0
273 silly currentTree +-- strip-eof@1.0.0
273 silly currentTree +-- strip-json-comments@2.0.1
273 silly currentTree +-- supports-color@5.5.0
273 silly currentTree +-- term-size@1.2.0
273 silly currentTree +-- timed-out@4.0.1
273 silly currentTree +-- to-object-path@0.3.0
273 silly currentTree +-- to-regex-range@2.1.1
273 silly currentTree +-- to-regex@3.0.2
273 silly currentTree | +-- define-property@2.0.2
273 silly currentTree | +-- extend-shallow@3.0.2
273 silly currentTree | `-- is-extendable@1.0.1
273 silly currentTree +-- toidentifier@1.0.0
273 silly currentTree +-- touch@3.1.0
273 silly currentTree +-- type-is@1.6.18
273 silly currentTree +-- undefsafe@2.0.2
273 silly currentTree +-- union-value@1.0.0
273 silly currentTree | `-- set-value@0.4.3
273 silly currentTree +-- unique-string@1.0.0
273 silly currentTree +-- unpipe@1.0.0
273 silly currentTree +-- unset-value@1.0.0
273 silly currentTree | +-- has-value@0.3.1
273 silly currentTree | | `-- isobject@2.1.0
273 silly currentTree | `-- has-values@0.1.4
273 silly currentTree +-- unzip-response@2.0.1
273 silly currentTree +-- upath@1.1.2
273 silly currentTree +-- update-notifier@2.5.0
273 silly currentTree +-- urix@0.1.0
273 silly currentTree +-- url-parse-lax@1.0.0
273 silly currentTree +-- use@3.1.1
273 silly currentTree +-- util-deprecate@1.0.2
273 silly currentTree +-- utils-merge@1.0.1
273 silly currentTree +-- vary@1.1.2
273 silly currentTree +-- which@1.3.1
273 silly currentTree +-- widest-line@2.0.1
273 silly currentTree +-- write-file-atomic@2.4.2
273 silly currentTree `-- xdg-basedir@3.0.0
274 silly idealTree backend@1.0.0
274 silly idealTree +-- abbrev@1.1.1
274 silly idealTree +-- accepts@1.3.5
274 silly idealTree +-- ansi-align@2.0.0
274 silly idealTree +-- ansi-styles@3.2.1
274 silly idealTree +-- anymatch@2.0.0
274 silly idealTree | `-- normalize-path@2.1.1
274 silly idealTree +-- arr-diff@4.0.0
274 silly idealTree +-- arr-flatten@1.1.0
274 silly idealTree +-- arr-union@3.1.0
274 silly idealTree +-- array-flatten@1.1.1
274 silly idealTree +-- array-unique@0.3.2
274 silly idealTree +-- assign-symbols@1.0.0
274 silly idealTree +-- async-each@1.0.3
274 silly idealTree +-- async@2.6.1
274 silly idealTree +-- atob@2.1.2
274 silly idealTree +-- balanced-match@1.0.0
274 silly idealTree +-- base@0.11.2
274 silly idealTree | `-- define-property@1.0.0
274 silly idealTree +-- bcryptjs@2.4.3
274 silly idealTree +-- binary-extensions@1.13.1
274 silly idealTree +-- bluebird@3.5.1
274 silly idealTree +-- body-parser@1.19.0
274 silly idealTree | +-- bytes@3.1.0
274 silly idealTree | +-- http-errors@1.7.2
274 silly idealTree | +-- qs@6.7.0
274 silly idealTree | +-- setprototypeof@1.1.1
274 silly idealTree | `-- statuses@1.5.0
274 silly idealTree +-- boxen@1.3.0
274 silly idealTree +-- brace-expansion@1.1.11
274 silly idealTree +-- braces@2.3.2
274 silly idealTree +-- bson@1.1.1
274 silly idealTree +-- bytes@3.0.0
274 silly idealTree +-- cache-base@1.0.1
274 silly idealTree +-- camelcase@4.1.0
274 silly idealTree +-- capture-stack-trace@1.0.1
274 silly idealTree +-- chalk@2.4.2
274 silly idealTree +-- chokidar@2.1.5
274 silly idealTree +-- ci-info@1.6.0
274 silly idealTree +-- class-utils@0.3.6
274 silly idealTree +-- cli-boxes@1.0.0
274 silly idealTree +-- collection-visit@1.0.0
274 silly idealTree +-- color-convert@1.9.3
274 silly idealTree +-- color-name@1.1.3
274 silly idealTree +-- component-emitter@1.3.0
274 silly idealTree +-- concat-map@0.0.1
274 silly idealTree +-- configstore@3.1.2
274 silly idealTree +-- connect-flash@0.1.1
274 silly idealTree +-- content-disposition@0.5.2
274 silly idealTree +-- content-type@1.0.4
274 silly idealTree +-- cookie-signature@1.0.6
274 silly idealTree +-- cookie@0.3.1
274 silly idealTree +-- copy-descriptor@0.1.1
274 silly idealTree +-- core-util-is@1.0.2
274 silly idealTree +-- create-error-class@3.0.2
274 silly idealTree +-- cross-spawn@5.1.0
274 silly idealTree +-- crypto-random-string@1.0.0
274 silly idealTree +-- debug@2.6.9
274 silly idealTree +-- decode-uri-component@0.2.0
274 silly idealTree +-- deep-extend@0.6.0
274 silly idealTree +-- define-property@0.2.5
274 silly idealTree | +-- is-accessor-descriptor@0.1.6
274 silly idealTree | | `-- kind-of@3.2.2
274 silly idealTree | +-- is-data-descriptor@0.1.4
274 silly idealTree | | `-- kind-of@3.2.2
274 silly idealTree | +-- is-descriptor@0.1.6
274 silly idealTree | `-- kind-of@5.1.0
274 silly idealTree +-- depd@1.1.2
274 silly idealTree +-- destroy@1.0.4
274 silly idealTree +-- dot-prop@4.2.0
274 silly idealTree +-- duplexer3@0.1.4
274 silly idealTree +-- ee-first@1.1.1
274 silly idealTree +-- encodeurl@1.0.2
274 silly idealTree +-- escape-html@1.0.3
274 silly idealTree +-- escape-string-regexp@1.0.5
274 silly idealTree +-- etag@1.8.1
274 silly idealTree +-- execa@0.7.0
274 silly idealTree +-- expand-brackets@2.1.4
274 silly idealTree +-- express-session@1.16.1
274 silly idealTree | `-- depd@2.0.0
274 silly idealTree +-- express@4.16.4
274 silly idealTree | +-- body-parser@1.18.3
274 silly idealTree | +-- iconv-lite@0.4.23
274 silly idealTree | `-- raw-body@2.3.3
274 silly idealTree +-- extend-shallow@2.0.1
274 silly idealTree +-- extglob@2.0.4
274 silly idealTree | `-- define-property@1.0.0
274 silly idealTree +-- fill-range@4.0.0
274 silly idealTree +-- finalhandler@1.1.1
274 silly idealTree +-- for-in@1.0.2
274 silly idealTree +-- forwarded@0.1.2
274 silly idealTree +-- fragment-cache@0.2.1
274 silly idealTree +-- fresh@0.5.2
274 silly idealTree +-- get-stream@3.0.0
274 silly idealTree +-- get-value@2.0.6
274 silly idealTree +-- glob-parent@3.1.0
274 silly idealTree | `-- is-glob@3.1.0
274 silly idealTree +-- global-dirs@0.1.1
274 silly idealTree +-- got@6.7.1
274 silly idealTree +-- graceful-fs@4.1.15
274 silly idealTree +-- has-flag@3.0.0
274 silly idealTree +-- has-value@1.0.0
274 silly idealTree +-- has-values@1.0.0
274 silly idealTree | `-- kind-of@4.0.0
274 silly idealTree +-- http-errors@1.6.3
274 silly idealTree | `-- statuses@1.5.0
274 silly idealTree +-- iconv-lite@0.4.24
274 silly idealTree +-- ignore-by-default@1.0.1
274 silly idealTree +-- import-lazy@2.1.0
274 silly idealTree +-- imurmurhash@0.1.4
274 silly idealTree +-- inherits@2.0.3
274 silly idealTree +-- ini@1.3.5
274 silly idealTree +-- ipaddr.js@1.9.0
274 silly idealTree +-- is-accessor-descriptor@1.0.0
274 silly idealTree | `-- kind-of@6.0.2
274 silly idealTree +-- is-binary-path@1.0.1
274 silly idealTree +-- is-buffer@1.1.6
274 silly idealTree +-- is-ci@1.2.1
274 silly idealTree +-- is-data-descriptor@1.0.0
274 silly idealTree | `-- kind-of@6.0.2
274 silly idealTree +-- is-descriptor@1.0.2
274 silly idealTree | `-- kind-of@6.0.2
274 silly idealTree +-- is-extendable@0.1.1
274 silly idealTree +-- is-extglob@2.1.1
274 silly idealTree +-- is-fullwidth-code-point@2.0.0
274 silly idealTree +-- is-glob@4.0.1
274 silly idealTree +-- is-installed-globally@0.1.0
274 silly idealTree +-- is-npm@1.0.0
274 silly idealTree +-- is-number@3.0.0
274 silly idealTree +-- is-obj@1.0.1
274 silly idealTree +-- is-path-inside@1.0.1
274 silly idealTree +-- is-plain-object@2.0.4
274 silly idealTree +-- is-redirect@1.0.0
274 silly idealTree +-- is-retry-allowed@1.1.0
274 silly idealTree +-- is-stream@1.1.0
274 silly idealTree +-- is-windows@1.0.2
274 silly idealTree +-- isarray@1.0.0
274 silly idealTree +-- isexe@2.0.0
274 silly idealTree +-- isobject@3.0.1
274 silly idealTree +-- kareem@2.3.0
274 silly idealTree +-- kind-of@3.2.2
274 silly idealTree +-- latest-version@3.1.0
274 silly idealTree +-- lodash@4.17.11
274 silly idealTree +-- lowercase-keys@1.0.1
274 silly idealTree +-- lru-cache@4.1.5
274 silly idealTree | `-- yallist@2.1.2
274 silly idealTree +-- make-dir@1.3.0
274 silly idealTree +-- map-cache@0.2.2
274 silly idealTree +-- map-visit@1.0.0
274 silly idealTree +-- media-typer@0.3.0
274 silly idealTree +-- memory-pager@1.5.0
274 silly idealTree +-- merge-descriptors@1.0.1
274 silly idealTree +-- methods@1.1.2
274 silly idealTree +-- micromatch@3.1.10
274 silly idealTree | +-- define-property@2.0.2
274 silly idealTree | +-- extend-shallow@3.0.2
274 silly idealTree | +-- is-extendable@1.0.1
274 silly idealTree | `-- kind-of@6.0.2
274 silly idealTree +-- mime-db@1.40.0
274 silly idealTree +-- mime-types@2.1.24
274 silly idealTree +-- mime@1.4.1
274 silly idealTree +-- minimatch@3.0.4
274 silly idealTree +-- mixin-deep@1.3.1
274 silly idealTree | `-- is-extendable@1.0.1
274 silly idealTree +-- mongodb-core@3.2.2
274 silly idealTree +-- mongodb@3.2.2
274 silly idealTree +-- mongoose-legacy-pluralize@1.0.2
274 silly idealTree +-- mongoose@5.5.4
274 silly idealTree | `-- ms@2.1.1
274 silly idealTree +-- mpath@0.5.2
274 silly idealTree +-- mquery@3.2.0
274 silly idealTree | `-- debug@3.1.0
274 silly idealTree +-- ms@2.0.0
274 silly idealTree +-- nanomatch@1.2.13
274 silly idealTree | +-- define-property@2.0.2
274 silly idealTree | +-- extend-shallow@3.0.2
274 silly idealTree | +-- is-extendable@1.0.1
274 silly idealTree | `-- kind-of@6.0.2
274 silly idealTree +-- negotiator@0.6.1
274 silly idealTree +-- nodemon@1.18.11
274 silly idealTree | +-- debug@3.2.6
274 silly idealTree | `-- ms@2.1.1
274 silly idealTree +-- nopt@1.0.10
274 silly idealTree +-- normalize-path@3.0.0
274 silly idealTree +-- npm-run-path@2.0.2
274 silly idealTree +-- object-copy@0.1.0
274 silly idealTree +-- object-visit@1.0.1
274 silly idealTree +-- object.pick@1.3.0
274 silly idealTree +-- on-finished@2.3.0
274 silly idealTree +-- on-headers@1.0.2
274 silly idealTree +-- p-finally@1.0.0
274 silly idealTree +-- package-json@4.0.1
274 silly idealTree +-- parseurl@1.3.3
274 silly idealTree +-- pascalcase@0.1.1
274 silly idealTree +-- passport-local@1.0.0
274 silly idealTree +-- passport-strategy@1.0.0
274 silly idealTree +-- passport@0.4.0
274 silly idealTree +-- path-dirname@1.0.2
274 silly idealTree +-- path-is-absolute@1.0.1
274 silly idealTree +-- path-is-inside@1.0.2
274 silly idealTree +-- path-key@2.0.1
274 silly idealTree +-- path-to-regexp@0.1.7
274 silly idealTree +-- pause@0.0.1
274 silly idealTree +-- pify@3.0.0
274 silly idealTree +-- posix-character-classes@0.1.1
274 silly idealTree +-- prepend-http@1.0.4
274 silly idealTree +-- process-nextick-args@2.0.0
274 silly idealTree +-- proxy-addr@2.0.5
274 silly idealTree +-- pseudomap@1.0.2
274 silly idealTree +-- pstree.remy@1.1.6
274 silly idealTree +-- qs@6.5.2
274 silly idealTree +-- random-bytes@1.0.0
274 silly idealTree +-- range-parser@1.2.0
274 silly idealTree +-- raw-body@2.4.0
274 silly idealTree | +-- bytes@3.1.0
274 silly idealTree | +-- http-errors@1.7.2
274 silly idealTree | +-- setprototypeof@1.1.1
274 silly idealTree | `-- statuses@1.5.0
274 silly idealTree +-- rc@1.2.8
274 silly idealTree | `-- minimist@1.2.0
274 silly idealTree +-- readable-stream@2.3.6
274 silly idealTree +-- readdirp@2.2.1
274 silly idealTree +-- regex-not@1.0.2
274 silly idealTree | +-- extend-shallow@3.0.2
274 silly idealTree | `-- is-extendable@1.0.1
274 silly idealTree +-- regexp-clone@0.0.1
274 silly idealTree +-- registry-auth-token@3.4.0
274 silly idealTree +-- registry-url@3.1.0
274 silly idealTree +-- remove-trailing-separator@1.1.0
274 silly idealTree +-- repeat-element@1.1.3
274 silly idealTree +-- repeat-string@1.6.1
274 silly idealTree +-- require_optional@1.0.1
274 silly idealTree +-- resolve-from@2.0.0
274 silly idealTree +-- resolve-url@0.2.1
274 silly idealTree +-- ret@0.1.15
274 silly idealTree +-- safe-buffer@5.1.2
274 silly idealTree +-- safe-regex@1.1.0
274 silly idealTree +-- safer-buffer@2.1.2
274 silly idealTree +-- saslprep@1.0.2
274 silly idealTree +-- semver-diff@2.1.0
274 silly idealTree +-- semver@5.7.0
274 silly idealTree +-- send@0.16.2
274 silly idealTree +-- serve-static@1.13.2
274 silly idealTree +-- set-value@2.0.0
274 silly idealTree +-- setprototypeof@1.1.0
274 silly idealTree +-- shebang-command@1.2.0
274 silly idealTree +-- shebang-regex@1.0.0
274 silly idealTree +-- sift@7.0.1
274 silly idealTree +-- signal-exit@3.0.2
274 silly idealTree +-- sliced@1.0.1
274 silly idealTree +-- snapdragon-node@2.1.1
274 silly idealTree | `-- define-property@1.0.0
274 silly idealTree +-- snapdragon-util@3.0.1
274 silly idealTree +-- snapdragon@0.8.2
274 silly idealTree +-- source-map-resolve@0.5.2
274 silly idealTree +-- source-map-url@0.4.0
274 silly idealTree +-- source-map@0.5.7
274 silly idealTree +-- sparse-bitfield@3.0.3
274 silly idealTree +-- split-string@3.1.0
274 silly idealTree | +-- extend-shallow@3.0.2
274 silly idealTree | `-- is-extendable@1.0.1
274 silly idealTree +-- static-extend@0.1.2
274 silly idealTree +-- statuses@1.4.0
274 silly idealTree +-- string_decoder@1.1.1
274 silly idealTree +-- string-width@2.1.1
274 silly idealTree | +-- ansi-regex@3.0.0
274 silly idealTree | `-- strip-ansi@4.0.0
274 silly idealTree +-- strip-eof@1.0.0
274 silly idealTree +-- strip-json-comments@2.0.1
274 silly idealTree +-- supports-color@5.5.0
274 silly idealTree +-- term-size@1.2.0
274 silly idealTree +-- timed-out@4.0.1
274 silly idealTree +-- to-object-path@0.3.0
274 silly idealTree +-- to-regex-range@2.1.1
274 silly idealTree +-- to-regex@3.0.2
274 silly idealTree | +-- define-property@2.0.2
274 silly idealTree | +-- extend-shallow@3.0.2
274 silly idealTree | `-- is-extendable@1.0.1
274 silly idealTree +-- toidentifier@1.0.0
274 silly idealTree +-- touch@3.1.0
274 silly idealTree +-- type-is@1.6.18
274 silly idealTree +-- uid-safe@2.1.5
274 silly idealTree +-- undefsafe@2.0.2
274 silly idealTree +-- union-value@1.0.0
274 silly idealTree | `-- set-value@0.4.3
274 silly idealTree +-- unique-string@1.0.0
274 silly idealTree +-- unpipe@1.0.0
274 silly idealTree +-- unset-value@1.0.0
274 silly idealTree | +-- has-value@0.3.1
274 silly idealTree | | `-- isobject@2.1.0
274 silly idealTree | `-- has-values@0.1.4
274 silly idealTree +-- unzip-response@2.0.1
274 silly idealTree +-- upath@1.1.2
274 silly idealTree +-- update-notifier@2.5.0
274 silly idealTree +-- urix@0.1.0
274 silly idealTree +-- url-parse-lax@1.0.0
274 silly idealTree +-- use@3.1.1
274 silly idealTree +-- util-deprecate@1.0.2
274 silly idealTree +-- utils-merge@1.0.1
274 silly idealTree +-- vary@1.1.2
274 silly idealTree +-- which@1.3.1
274 silly idealTree +-- widest-line@2.0.1
274 silly idealTree +-- write-file-atomic@2.4.2
274 silly idealTree `-- xdg-basedir@3.0.0
275 silly generateActionsToTake Starting
276 silly install generateActionsToTake
277 warn checkPermissions Missing write access to /home/shubham/React/RN/CRUD-RN/backend/node_modules
278 silly rollbackFailedOptional Starting
279 silly rollbackFailedOptional Finishing
280 silly runTopLevelLifecycles Starting
281 silly runTopLevelLifecycles Finishing
282 silly install printInstalled
283 warn optional Skipping failed optional dependency /chokidar/fsevents:
284 warn notsup Not compatible with your operating system or architecture: fsevents@1.2.9
285 warn backend@1.0.0 No description
286 warn backend@1.0.0 No repository field.
287 verbose stack Error: EACCES: permission denied, access '/home/shubham/React/RN/CRUD-RN/backend/node_modules'
288 verbose cwd /home/shubham/React/RN/CRUD-RN/backend
289 error Linux 4.15.0-48-generic
290 error argv "/usr/bin/node" "/usr/bin/npm" "install" "express-session"
291 error node v8.10.0
292 error npm  v3.5.2
293 error path /home/shubham/React/RN/CRUD-RN/backend/node_modules
294 error code EACCES
295 error errno -13
296 error syscall access
297 error Error: EACCES: permission denied, access '/home/shubham/React/RN/CRUD-RN/backend/node_modules'
297 error  { Error: EACCES: permission denied, access '/home/shubham/React/RN/CRUD-RN/backend/node_modules'
297 error   errno: -13,
297 error   code: 'EACCES',
297 error   syscall: 'access',
297 error   path: '/home/shubham/React/RN/CRUD-RN/backend/node_modules' }
298 error Please try running this command again as root/Administrator.
299 verbose exit [ -13, true ]
